<?xml version="1.0" encoding="UTF-8"?>
<testng-results ignored="0" total="1" passed="1" failed="0" skipped="0">
  <reporter-output>
  </reporter-output>
  <suite started-at="2023-02-13T16:51:29 IST" name="Default suite" finished-at="2023-02-13T16:51:51 IST" duration-ms="21719">
    <groups>
    </groups>
    <test started-at="2023-02-13T16:51:29 IST" name="Default test" finished-at="2023-02-13T16:51:51 IST" duration-ms="21719">
      <class name="com.framework.tests.AmazonTests">
        <test-method signature="verifyThatIAmAbleToRunMyFirstAutomatedTest()[pri:0, instance:com.framework.tests.AmazonTests@55634720]" started-at="2023-02-13T16:51:29 IST" name="verifyThatIAmAbleToRunMyFirstAutomatedTest" finished-at="2023-02-13T16:51:51 IST" duration-ms="21632" status="PASS">
          <reporter-output>
          </reporter-output>
        </test-method> <!-- verifyThatIAmAbleToRunMyFirstAutomatedTest -->
      </class> <!-- com.framework.tests.AmazonTests -->
    </test> <!-- Default test -->
  </suite> <!-- Default suite -->
</testng-results>
